<?xml version="1.0" encoding="UTF-8"?>
<!-- Generated by org.testng.reporters.JUnitReportReporter -->
<testsuite hostname="DESKTOP-FPK37S0" failures="0" tests="1" name="medimention.com.testcases.TC_LOGIN_Test_002" time="26.168" errors="0" timestamp="2024-08-05T00:38:26 IST" skipped="0">
  <testcase classname="medimention.com.testcases.TC_LOGIN_Test_002" name="Logintest" time="26.168"/>
</testsuite> <!-- medimention.com.testcases.TC_LOGIN_Test_002 -->
