<?xml version="1.0" encoding="UTF-8"?>
<!-- Generated by org.testng.reporters.JUnitReportReporter -->
<testsuite hostname="DESKTOP-FPK37S0" failures="0" tests="1" name="medimention.com.testcases.TC_REG_Test_001" time="44.989" errors="0" timestamp="2024-08-05T00:45:28 IST" skipped="0">
  <testcase classname="medimention.com.testcases.TC_REG_Test_001" name="RegisterPageTest" time="44.989"/>
</testsuite> <!-- medimention.com.testcases.TC_REG_Test_001 -->
